<?xml version="1.0" encoding="UTF-8"?>
<!-- Generated by org.testng.reporters.JUnitReportReporter -->
<testsuite hostname="WINDOWS-4FMQ8EQ" failures="0" tests="3" name="com.demoqa.tests.LinksTest" time="52.653" errors="0" timestamp="2025-07-16T12:27:45 CEST" skipped="0">
  <testcase classname="com.demoqa.tests.LinksTest" name="checkAllLinksTest" time="15.713"/>
  <testcase classname="com.demoqa.tests.LinksTest" name="checkBrokenImgTest" time="20.926"/>
  <testcase classname="com.demoqa.tests.LinksTest" name="checkBrokenLinksTest" time="16.014"/>
</testsuite> <!-- com.demoqa.tests.LinksTest -->
