<?xml version="1.0" encoding="UTF-8"?>
<!-- Generated by org.testng.reporters.JUnitReportReporter -->
<testsuite hostname="WINDOWS-4FMQ8EQ" failures="0" tests="1" name="com.demoqa.tests.SearchBookTests" time="14.169" errors="0" timestamp="2025-07-16T12:27:45 CEST" skipped="0">
  <testcase classname="com.demoqa.tests.SearchBookTests" name="searchBookPositiveTest" time="14.169"/>
</testsuite> <!-- com.demoqa.tests.SearchBookTests -->
